mode: set
github.com/dogmatiq/testkit/engine/internal/aggregate/controller.go:50.53,52.2 1 1
github.com/dogmatiq/testkit/engine/internal/aggregate/controller.go:59.33,61.2 1 1
github.com/dogmatiq/testkit/engine/internal/aggregate/controller.go:69.33,72.71 2 1
github.com/dogmatiq/testkit/engine/internal/aggregate/controller.go:72.71,73.80 1 0
github.com/dogmatiq/testkit/engine/internal/aggregate/controller.go:76.2,92.58 4 1
github.com/dogmatiq/testkit/engine/internal/aggregate/controller.go:92.58,101.5 1 1
github.com/dogmatiq/testkit/engine/internal/aggregate/controller.go:104.2,110.10 1 1
github.com/dogmatiq/testkit/engine/internal/aggregate/controller.go:110.10,116.4 1 1
github.com/dogmatiq/testkit/engine/internal/aggregate/controller.go:119.2,121.24 2 1
github.com/dogmatiq/testkit/engine/internal/aggregate/controller.go:121.24,122.25 1 1
github.com/dogmatiq/testkit/engine/internal/aggregate/controller.go:122.25,124.4 1 1
github.com/dogmatiq/testkit/engine/internal/aggregate/controller.go:126.3,128.34 3 1
github.com/dogmatiq/testkit/engine/internal/aggregate/controller.go:131.2,131.22 1 1
github.com/dogmatiq/testkit/engine/internal/aggregate/controller.go:135.30,137.2 1 1
github.com/dogmatiq/testkit/engine/internal/aggregate/controller.go:140.76,148.10 2 1
github.com/dogmatiq/testkit/engine/internal/aggregate/controller.go:148.10,152.4 1 1
github.com/dogmatiq/testkit/engine/internal/aggregate/controller.go:155.2,155.14 1 1
github.com/dogmatiq/testkit/engine/internal/aggregate/controller.go:155.14,164.5 1 1
github.com/dogmatiq/testkit/engine/internal/aggregate/controller.go:167.2,167.11 1 1
github.com/dogmatiq/testkit/engine/internal/aggregate/controller.go:177.58,181.56 3 1
github.com/dogmatiq/testkit/engine/internal/aggregate/controller.go:181.56,190.5 1 1
github.com/dogmatiq/testkit/engine/internal/aggregate/controller.go:193.2,194.9 2 1
github.com/dogmatiq/testkit/engine/internal/aggregate/controller.go:194.9,204.3 3 1
github.com/dogmatiq/testkit/engine/internal/aggregate/controller.go:206.2,206.34 1 1
github.com/dogmatiq/testkit/engine/internal/aggregate/controller.go:206.34,213.11 1 1
github.com/dogmatiq/testkit/engine/internal/aggregate/controller.go:213.11,215.5 1 1
github.com/dogmatiq/testkit/engine/internal/aggregate/controller.go:219.2,219.22 1 1
github.com/dogmatiq/testkit/engine/internal/aggregate/controller.go:219.22,220.61 1 1
github.com/dogmatiq/testkit/engine/internal/aggregate/controller.go:220.61,229.6 1 1
github.com/dogmatiq/testkit/engine/internal/aggregate/controller.go:233.2,233.56 1 1
github.com/dogmatiq/testkit/engine/internal/aggregate/controller.go:233.56,240.11 1 0
github.com/dogmatiq/testkit/engine/internal/aggregate/controller.go:240.11,242.5 1 0
github.com/dogmatiq/testkit/engine/internal/aggregate/controller.go:246.2,254.31 2 1
github.com/dogmatiq/testkit/engine/internal/aggregate/controller.go:262.3,264.16 2 1
github.com/dogmatiq/testkit/engine/internal/aggregate/controller.go:264.16,265.44 1 1
github.com/dogmatiq/testkit/engine/internal/aggregate/controller.go:265.44,267.4 1 1
github.com/dogmatiq/testkit/engine/internal/aggregate/controller.go:269.3,277.5 1 1
github.com/dogmatiq/testkit/engine/internal/aggregate/controller.go:280.2,282.41 3 1
github.com/dogmatiq/testkit/engine/internal/aggregate/scope.go:33.37,36.2 2 1
github.com/dogmatiq/testkit/engine/internal/aggregate/scope.go:38.44,43.72 3 1
github.com/dogmatiq/testkit/engine/internal/aggregate/scope.go:43.72,52.5 1 1
github.com/dogmatiq/testkit/engine/internal/aggregate/scope.go:55.2,55.70 1 1
github.com/dogmatiq/testkit/engine/internal/aggregate/scope.go:55.70,64.5 1 1
github.com/dogmatiq/testkit/engine/internal/aggregate/scope.go:67.2,67.19 1 1
github.com/dogmatiq/testkit/engine/internal/aggregate/scope.go:67.19,74.3 1 1
github.com/dogmatiq/testkit/engine/internal/aggregate/scope.go:76.2,82.10 1 1
github.com/dogmatiq/testkit/engine/internal/aggregate/scope.go:82.10,84.4 1 1
github.com/dogmatiq/testkit/engine/internal/aggregate/scope.go:87.2,93.10 1 1
github.com/dogmatiq/testkit/engine/internal/aggregate/scope.go:93.10,95.4 1 1
github.com/dogmatiq/testkit/engine/internal/aggregate/scope.go:98.2,98.42 1 1
github.com/dogmatiq/testkit/engine/internal/aggregate/scope.go:98.42,107.5 1 1
github.com/dogmatiq/testkit/engine/internal/aggregate/scope.go:110.2,132.4 4 1
github.com/dogmatiq/testkit/engine/internal/aggregate/scope.go:135.33,138.2 2 1
github.com/dogmatiq/testkit/engine/internal/aggregate/scope.go:140.41,151.2 2 1
github.com/dogmatiq/testkit/engine/internal/aggregate/scope.go:156.82,158.18 2 1
github.com/dogmatiq/testkit/engine/internal/aggregate/scope.go:158.18,160.3 1 1
github.com/dogmatiq/testkit/engine/internal/aggregate/scope.go:162.2,162.42 1 1
github.com/dogmatiq/testkit/engine/internal/aggregate/scope.go:162.42,165.10 2 1
github.com/dogmatiq/testkit/engine/internal/aggregate/scope.go:166.39,167.54 1 1
github.com/dogmatiq/testkit/engine/internal/aggregate/scope.go:168.23,169.33 1 0
github.com/dogmatiq/testkit/engine/internal/aggregate/scope.go:170.21,171.32 1 1
github.com/dogmatiq/testkit/engine/internal/aggregate/scope.go:174.3,182.5 1 1
github.com/dogmatiq/testkit/engine/internal/aggregate/scope.go:185.2,185.19 1 1
github.com/dogmatiq/testkit/engine/internal/process/controller.go:44.53,46.2 1 1
github.com/dogmatiq/testkit/engine/internal/process/controller.go:53.33,57.34 2 1
github.com/dogmatiq/testkit/engine/internal/process/controller.go:57.34,58.34 1 1
github.com/dogmatiq/testkit/engine/internal/process/controller.go:58.34,59.9 1 1
github.com/dogmatiq/testkit/engine/internal/process/controller.go:62.3,62.6 1 1
github.com/dogmatiq/testkit/engine/internal/process/controller.go:66.2,71.19 3 1
github.com/dogmatiq/testkit/engine/internal/process/controller.go:80.33,83.71 2 1
github.com/dogmatiq/testkit/engine/internal/process/controller.go:83.71,84.80 1 0
github.com/dogmatiq/testkit/engine/internal/process/controller.go:87.2,88.23 2 1
github.com/dogmatiq/testkit/engine/internal/process/controller.go:88.23,90.3 1 1
github.com/dogmatiq/testkit/engine/internal/process/controller.go:92.2,103.29 2 1
github.com/dogmatiq/testkit/engine/internal/process/controller.go:103.29,103.53 1 1
github.com/dogmatiq/testkit/engine/internal/process/controller.go:104.32,104.59 1 1
github.com/dogmatiq/testkit/engine/internal/process/controller.go:112.2,112.41 1 1
github.com/dogmatiq/testkit/engine/internal/process/controller.go:112.41,114.3 1 1
github.com/dogmatiq/testkit/engine/internal/process/controller.go:116.2,118.16 2 1
github.com/dogmatiq/testkit/engine/internal/process/controller.go:118.16,121.3 2 1
github.com/dogmatiq/testkit/engine/internal/process/controller.go:123.2,123.15 1 1
github.com/dogmatiq/testkit/engine/internal/process/controller.go:123.15,125.17 2 1
github.com/dogmatiq/testkit/engine/internal/process/controller.go:125.17,134.6 1 1
github.com/dogmatiq/testkit/engine/internal/process/controller.go:136.3,137.19 2 1
github.com/dogmatiq/testkit/engine/internal/process/controller.go:140.2,141.44 2 1
github.com/dogmatiq/testkit/engine/internal/process/controller.go:148.56,152.56 3 1
github.com/dogmatiq/testkit/engine/internal/process/controller.go:152.56,161.5 1 1
github.com/dogmatiq/testkit/engine/internal/process/controller.go:164.2,165.9 2 1
github.com/dogmatiq/testkit/engine/internal/process/controller.go:165.9,172.25 2 1
github.com/dogmatiq/testkit/engine/internal/process/controller.go:172.25,174.4 1 1
github.com/dogmatiq/testkit/engine/internal/process/controller.go:176.3,186.32 4 1
github.com/dogmatiq/testkit/engine/internal/process/controller.go:189.2,189.18 1 1
github.com/dogmatiq/testkit/engine/internal/process/controller.go:189.18,190.57 1 1
github.com/dogmatiq/testkit/engine/internal/process/controller.go:190.57,199.6 1 1
github.com/dogmatiq/testkit/engine/internal/process/controller.go:202.3,202.63 1 1
github.com/dogmatiq/testkit/engine/internal/process/controller.go:202.63,211.6 1 0
github.com/dogmatiq/testkit/engine/internal/process/controller.go:215.2,222.31 2 1
github.com/dogmatiq/testkit/engine/internal/process/controller.go:226.30,229.2 2 1
github.com/dogmatiq/testkit/engine/internal/process/controller.go:236.35,240.23 1 1
github.com/dogmatiq/testkit/engine/internal/process/controller.go:240.23,240.71 1 1
github.com/dogmatiq/testkit/engine/internal/process/controller.go:241.26,241.74 1 1
github.com/dogmatiq/testkit/engine/internal/process/controller.go:243.2,243.20 1 1
github.com/dogmatiq/testkit/engine/internal/process/controller.go:251.25,265.10 3 1
github.com/dogmatiq/testkit/engine/internal/process/controller.go:265.10,267.4 1 1
github.com/dogmatiq/testkit/engine/internal/process/controller.go:270.2,270.16 1 1
github.com/dogmatiq/testkit/engine/internal/process/controller.go:270.16,272.3 1 1
github.com/dogmatiq/testkit/engine/internal/process/controller.go:274.2,274.9 1 1
github.com/dogmatiq/testkit/engine/internal/process/controller.go:274.9,281.3 2 1
github.com/dogmatiq/testkit/engine/internal/process/controller.go:283.2,283.14 1 1
github.com/dogmatiq/testkit/engine/internal/process/controller.go:283.14,292.5 1 1
github.com/dogmatiq/testkit/engine/internal/process/controller.go:295.2,295.51 1 1
github.com/dogmatiq/testkit/engine/internal/process/controller.go:295.51,303.3 2 1
github.com/dogmatiq/testkit/engine/internal/process/controller.go:305.2,305.22 1 1
github.com/dogmatiq/testkit/engine/internal/process/controller.go:312.25,313.56 1 1
github.com/dogmatiq/testkit/engine/internal/process/controller.go:313.56,314.18 1 1
github.com/dogmatiq/testkit/engine/internal/process/controller.go:314.18,316.4 1 1
github.com/dogmatiq/testkit/engine/internal/process/controller.go:319.2,325.23 2 1
github.com/dogmatiq/testkit/engine/internal/process/controller.go:329.66,337.10 2 1
github.com/dogmatiq/testkit/engine/internal/process/controller.go:337.10,338.37 1 1
github.com/dogmatiq/testkit/engine/internal/process/controller.go:339.21,345.6 1 1
github.com/dogmatiq/testkit/engine/internal/process/controller.go:346.24,352.6 1 1
github.com/dogmatiq/testkit/engine/internal/process/controller.go:357.2,357.12 1 1
github.com/dogmatiq/testkit/engine/internal/process/controller.go:361.50,366.23 2 1
github.com/dogmatiq/testkit/engine/internal/process/controller.go:366.23,370.4 3 1
github.com/dogmatiq/testkit/engine/internal/process/controller.go:375.49,378.37 1 1
github.com/dogmatiq/testkit/engine/internal/process/controller.go:378.37,380.4 1 1
github.com/dogmatiq/testkit/engine/internal/process/scope.go:37.37,40.2 2 1
github.com/dogmatiq/testkit/engine/internal/process/scope.go:42.23,45.22 2 1
github.com/dogmatiq/testkit/engine/internal/process/scope.go:45.22,47.3 1 1
github.com/dogmatiq/testkit/engine/internal/process/scope.go:49.2,56.4 2 1
github.com/dogmatiq/testkit/engine/internal/process/scope.go:59.54,62.22 2 1
github.com/dogmatiq/testkit/engine/internal/process/scope.go:62.22,71.5 1 1
github.com/dogmatiq/testkit/engine/internal/process/scope.go:74.2,78.42 4 1
github.com/dogmatiq/testkit/engine/internal/process/scope.go:78.42,87.5 1 1
github.com/dogmatiq/testkit/engine/internal/process/scope.go:91.49,96.72 3 1
github.com/dogmatiq/testkit/engine/internal/process/scope.go:96.72,105.5 1 1
github.com/dogmatiq/testkit/engine/internal/process/scope.go:108.2,108.22 1 1
github.com/dogmatiq/testkit/engine/internal/process/scope.go:108.22,117.5 1 1
github.com/dogmatiq/testkit/engine/internal/process/scope.go:120.2,120.72 1 1
github.com/dogmatiq/testkit/engine/internal/process/scope.go:120.72,129.5 1 1
github.com/dogmatiq/testkit/engine/internal/process/scope.go:132.2,151.4 3 1
github.com/dogmatiq/testkit/engine/internal/process/scope.go:154.40,157.2 2 0
github.com/dogmatiq/testkit/engine/internal/process/scope.go:159.65,164.72 3 1
github.com/dogmatiq/testkit/engine/internal/process/scope.go:164.72,173.5 1 1
github.com/dogmatiq/testkit/engine/internal/process/scope.go:176.2,176.22 1 1
github.com/dogmatiq/testkit/engine/internal/process/scope.go:176.22,185.5 1 1
github.com/dogmatiq/testkit/engine/internal/process/scope.go:188.2,188.73 1 1
github.com/dogmatiq/testkit/engine/internal/process/scope.go:188.73,197.5 1 1
github.com/dogmatiq/testkit/engine/internal/process/scope.go:200.2,212.20 2 1
github.com/dogmatiq/testkit/engine/internal/process/scope.go:212.20,214.3 1 1
github.com/dogmatiq/testkit/engine/internal/process/scope.go:214.8,216.3 1 1
github.com/dogmatiq/testkit/engine/internal/process/scope.go:218.2,224.4 1 1
github.com/dogmatiq/testkit/engine/internal/process/scope.go:227.42,230.2 2 1
github.com/dogmatiq/testkit/engine/internal/process/scope.go:232.33,235.2 2 1
github.com/dogmatiq/testkit/engine/internal/process/scope.go:237.41,249.2 2 1
github.com/dogmatiq/testkit/engine/internal/process/scope.go:251.82,253.18 2 1
github.com/dogmatiq/testkit/engine/internal/process/scope.go:253.18,255.3 1 1
github.com/dogmatiq/testkit/engine/internal/process/scope.go:257.2,257.42 1 1
github.com/dogmatiq/testkit/engine/internal/process/scope.go:257.42,260.10 2 1
github.com/dogmatiq/testkit/engine/internal/process/scope.go:261.39,262.54 1 1
github.com/dogmatiq/testkit/engine/internal/process/scope.go:263.23,264.33 1 0
github.com/dogmatiq/testkit/engine/internal/process/scope.go:265.21,266.32 1 1
github.com/dogmatiq/testkit/engine/internal/process/scope.go:269.3,277.5 1 1
github.com/dogmatiq/testkit/engine/internal/process/scope.go:280.2,280.19 1 1
