mode: set
github.com/dogmatiq/testkit/engine/internal/aggregate/controller.go:50.53,52.2 1 1
github.com/dogmatiq/testkit/engine/internal/aggregate/controller.go:59.33,61.2 1 1
github.com/dogmatiq/testkit/engine/internal/aggregate/controller.go:69.33,72.71 2 1
github.com/dogmatiq/testkit/engine/internal/aggregate/controller.go:72.71,73.80 1 0
github.com/dogmatiq/testkit/engine/internal/aggregate/controller.go:76.2,92.58 4 1
github.com/dogmatiq/testkit/engine/internal/aggregate/controller.go:92.58,101.5 1 1
github.com/dogmatiq/testkit/engine/internal/aggregate/controller.go:104.2,110.10 1 1
github.com/dogmatiq/testkit/engine/internal/aggregate/controller.go:110.10,116.4 1 1
github.com/dogmatiq/testkit/engine/internal/aggregate/controller.go:119.2,121.24 2 1
github.com/dogmatiq/testkit/engine/internal/aggregate/controller.go:121.24,122.25 1 1
github.com/dogmatiq/testkit/engine/internal/aggregate/controller.go:122.25,124.4 1 1
github.com/dogmatiq/testkit/engine/internal/aggregate/controller.go:126.3,128.34 3 1
github.com/dogmatiq/testkit/engine/internal/aggregate/controller.go:131.2,131.22 1 1
github.com/dogmatiq/testkit/engine/internal/aggregate/controller.go:135.30,137.2 1 1
github.com/dogmatiq/testkit/engine/internal/aggregate/controller.go:140.76,148.10 2 1
github.com/dogmatiq/testkit/engine/internal/aggregate/controller.go:148.10,152.4 1 1
github.com/dogmatiq/testkit/engine/internal/aggregate/controller.go:155.2,155.14 1 1
github.com/dogmatiq/testkit/engine/internal/aggregate/controller.go:155.14,164.5 1 1
github.com/dogmatiq/testkit/engine/internal/aggregate/controller.go:167.2,167.11 1 1
github.com/dogmatiq/testkit/engine/internal/aggregate/controller.go:177.58,181.56 3 1
github.com/dogmatiq/testkit/engine/internal/aggregate/controller.go:181.56,190.5 1 1
github.com/dogmatiq/testkit/engine/internal/aggregate/controller.go:193.2,194.9 2 1
github.com/dogmatiq/testkit/engine/internal/aggregate/controller.go:194.9,204.3 3 1
github.com/dogmatiq/testkit/engine/internal/aggregate/controller.go:206.2,206.34 1 1
github.com/dogmatiq/testkit/engine/internal/aggregate/controller.go:206.34,213.11 1 1
github.com/dogmatiq/testkit/engine/internal/aggregate/controller.go:213.11,215.5 1 1
github.com/dogmatiq/testkit/engine/internal/aggregate/controller.go:219.2,219.22 1 1
github.com/dogmatiq/testkit/engine/internal/aggregate/controller.go:219.22,220.61 1 1
github.com/dogmatiq/testkit/engine/internal/aggregate/controller.go:220.61,229.6 1 1
github.com/dogmatiq/testkit/engine/internal/aggregate/controller.go:233.2,233.56 1 1
github.com/dogmatiq/testkit/engine/internal/aggregate/controller.go:233.56,240.11 1 0
github.com/dogmatiq/testkit/engine/internal/aggregate/controller.go:240.11,242.5 1 0
github.com/dogmatiq/testkit/engine/internal/aggregate/controller.go:246.2,254.31 2 1
github.com/dogmatiq/testkit/engine/internal/aggregate/controller.go:262.3,264.16 2 1
github.com/dogmatiq/testkit/engine/internal/aggregate/controller.go:264.16,265.44 1 1
github.com/dogmatiq/testkit/engine/internal/aggregate/controller.go:265.44,267.4 1 1
github.com/dogmatiq/testkit/engine/internal/aggregate/controller.go:269.3,277.5 1 1
github.com/dogmatiq/testkit/engine/internal/aggregate/controller.go:280.2,282.41 3 1
github.com/dogmatiq/testkit/engine/internal/aggregate/scope.go:33.37,36.2 2 1
github.com/dogmatiq/testkit/engine/internal/aggregate/scope.go:38.44,43.72 3 1
github.com/dogmatiq/testkit/engine/internal/aggregate/scope.go:43.72,52.5 1 1
github.com/dogmatiq/testkit/engine/internal/aggregate/scope.go:55.2,55.70 1 1
github.com/dogmatiq/testkit/engine/internal/aggregate/scope.go:55.70,64.5 1 1
github.com/dogmatiq/testkit/engine/internal/aggregate/scope.go:67.2,67.19 1 1
github.com/dogmatiq/testkit/engine/internal/aggregate/scope.go:67.19,74.3 1 1
github.com/dogmatiq/testkit/engine/internal/aggregate/scope.go:76.2,82.10 1 1
github.com/dogmatiq/testkit/engine/internal/aggregate/scope.go:82.10,84.4 1 1
github.com/dogmatiq/testkit/engine/internal/aggregate/scope.go:87.2,93.10 1 1
github.com/dogmatiq/testkit/engine/internal/aggregate/scope.go:93.10,95.4 1 1
github.com/dogmatiq/testkit/engine/internal/aggregate/scope.go:98.2,98.42 1 1
github.com/dogmatiq/testkit/engine/internal/aggregate/scope.go:98.42,107.5 1 1
github.com/dogmatiq/testkit/engine/internal/aggregate/scope.go:110.2,132.4 4 1
github.com/dogmatiq/testkit/engine/internal/aggregate/scope.go:135.33,138.2 2 1
github.com/dogmatiq/testkit/engine/internal/aggregate/scope.go:140.41,151.2 2 1
github.com/dogmatiq/testkit/engine/internal/aggregate/scope.go:156.82,158.18 2 1
github.com/dogmatiq/testkit/engine/internal/aggregate/scope.go:158.18,160.3 1 1
github.com/dogmatiq/testkit/engine/internal/aggregate/scope.go:162.2,162.42 1 1
github.com/dogmatiq/testkit/engine/internal/aggregate/scope.go:162.42,165.10 2 1
github.com/dogmatiq/testkit/engine/internal/aggregate/scope.go:166.39,167.54 1 1
github.com/dogmatiq/testkit/engine/internal/aggregate/scope.go:168.23,169.33 1 0
github.com/dogmatiq/testkit/engine/internal/aggregate/scope.go:170.21,171.32 1 1
github.com/dogmatiq/testkit/engine/internal/aggregate/scope.go:174.3,182.5 1 1
github.com/dogmatiq/testkit/engine/internal/aggregate/scope.go:185.2,185.19 1 1
